# JRE version: Java(TM) SE Runtime Environment (17.0.6+9) (build 17.0.6+9-LTS-190)
# Java VM: Java HotSpot(TM) 64-Bit Server VM (17.0.6+9-LTS-190, mixed mode, emulated-client, sharing, tiered, compressed oops, compressed class ptrs, g1 gc, windows-amd64)
GC Precious Log:
 CPUs: 8 total, 8 available
 Memory: 7981M
 Large Page Support: Disabled
 NUMA Support: Disabled
 Compressed Oops: Enabled (32-bit)
 Heap Region Size: 1M
 Heap Min Capacity: 8M
 Heap Initial Capacity: 126M
 Heap Max Capacity: 1996M
 Pre-touch: Disabled
 Parallel Workers: 8
 Concurrent Workers: 2
 Concurrent Refinement Workers: 8
 Periodic GC: Disabled
Heap:
 garbage-first heap   total 129024K, used 86016K [0x0000000083400000, 0x0000000100000000)
  region size 1024K, 2 young (2048K), 2 survivors (2048K)
 Metaspace       used 69063K, committed 69696K, reserved 1114112K
  class space    used 9894K, committed 10176K, reserved 1048576K
GC Heap History (20 events):
Event: 10.957 GC heap after
{Heap after GC invocations=27 (full 0):
 garbage-first heap   total 61440K, used 31967K [0x0000000083400000, 0x0000000100000000)
  region size 1024K, 2 young (2048K), 2 survivors (2048K)
 Metaspace       used 67154K, committed 67776K, reserved 1114112K
  class space    used 9638K, committed 9920K, reserved 1048576K
}
Event: 11.001 GC heap before
{Heap before GC invocations=27 (full 0):
 garbage-first heap   total 61440K, used 50399K [0x0000000083400000, 0x0000000100000000)
  region size 1024K, 20 young (20480K), 2 survivors (2048K)
 Metaspace       used 67163K, committed 67776K, reserved 1114112K
  class space    used 9638K, committed 9920K, reserved 1048576K
}
Event: 11.004 GC heap after
{Heap after GC invocations=28 (full 0):
 garbage-first heap   total 61440K, used 32279K [0x0000000083400000, 0x0000000100000000)
  region size 1024K, 2 young (2048K), 2 survivors (2048K)
 Metaspace       used 67163K, committed 67776K, reserved 1114112K
  class space    used 9638K, committed 9920K, reserved 1048576K
}
Event: 11.286 GC heap before
{Heap before GC invocations=29 (full 0):
 garbage-first heap   total 63488K, used 50711K [0x0000000083400000, 0x0000000100000000)
  region size 1024K, 21 young (21504K), 2 survivors (2048K)
 Metaspace       used 69059K, committed 69696K, reserved 1114112K
  class space    used 9892K, committed 10176K, reserved 1048576K
}
Event: 11.289 GC heap after
{Heap after GC invocations=30 (full 0):
 garbage-first heap   total 63488K, used 33520K [0x0000000083400000, 0x0000000100000000)
  region size 1024K, 3 young (3072K), 3 survivors (3072K)
 Metaspace       used 69059K, committed 69696K, reserved 1114112K
  class space    used 9892K, committed 10176K, reserved 1048576K
}
Event: 11.330 GC heap before
{Heap before GC invocations=30 (full 0):
 garbage-first heap   total 63488K, used 50928K [0x0000000083400000, 0x0000000100000000)
  region size 1024K, 20 young (20480K), 3 survivors (3072K)
 Metaspace       used 69059K, committed 69696K, reserved 1114112K
  class space    used 9892K, committed 10176K, reserved 1048576K
}
Event: 11.337 GC heap after
{Heap after GC invocations=31 (full 0):
 garbage-first heap   total 63488K, used 40085K [0x0000000083400000, 0x0000000100000000)
  region size 1024K, 3 young (3072K), 3 survivors (3072K)
 Metaspace       used 69059K, committed 69696K, reserved 1114112K
  class space    used 9892K, committed 10176K, reserved 1048576K
}
Event: 11.373 GC heap before
{Heap before GC invocations=31 (full 0):
 garbage-first heap   total 63488K, used 49301K [0x0000000083400000, 0x0000000100000000)
  region size 1024K, 12 young (12288K), 3 survivors (3072K)
 Metaspace       used 69059K, committed 69696K, reserved 1114112K
  class space    used 9892K, committed 10176K, reserved 1048576K
}
Event: 11.379 GC heap after
{Heap after GC invocations=32 (full 0):
 garbage-first heap   total 96256K, used 44401K [0x0000000083400000, 0x0000000100000000)
  region size 1024K, 2 young (2048K), 2 survivors (2048K)
 Metaspace       used 69059K, committed 69696K, reserved 1114112K
  class space    used 9892K, committed 10176K, reserved 1048576K
}
Event: 11.468 GC heap before
{Heap before GC invocations=33 (full 0):
 garbage-first heap   total 96256K, used 68977K [0x0000000083400000, 0x0000000100000000)
  region size 1024K, 26 young (26624K), 2 survivors (2048K)
 Metaspace       used 69063K, committed 69696K, reserved 1114112K
  class space    used 9894K, committed 10176K, reserved 1048576K
}
Event: 11.477 GC heap after
{Heap after GC invocations=34 (full 0):
 garbage-first heap   total 96256K, used 52113K [0x0000000083400000, 0x0000000100000000)
  region size 1024K, 4 young (4096K), 4 survivors (4096K)
 Metaspace       used 69063K, committed 69696K, reserved 1114112K
  class space    used 9894K, committed 10176K, reserved 1048576K
}
Event: 11.535 GC heap before
{Heap before GC invocations=34 (full 0):
 garbage-first heap   total 96256K, used 71569K [0x0000000083400000, 0x0000000100000000)
  region size 1024K, 23 young (23552K), 4 survivors (4096K)
 Metaspace       used 69063K, committed 69696K, reserved 1114112K
  class space    used 9894K, committed 10176K, reserved 1048576K
}
Event: 11.548 GC heap after
{Heap after GC invocations=35 (full 0):
 garbage-first heap   total 96256K, used 60416K [0x0000000083400000, 0x0000000100000000)
  region size 1024K, 3 young (3072K), 3 survivors (3072K)
 Metaspace       used 69063K, committed 69696K, reserved 1114112K
  class space    used 9894K, committed 10176K, reserved 1048576K
}
Event: 11.645 GC heap before
{Heap before GC invocations=35 (full 0):
 garbage-first heap   total 122880K, used 73728K [0x0000000083400000, 0x0000000100000000)
  region size 1024K, 16 young (16384K), 3 survivors (3072K)
 Metaspace       used 69063K, committed 69696K, reserved 1114112K
  class space    used 9894K, committed 10176K, reserved 1048576K
}
Event: 11.655 GC heap after
{Heap after GC invocations=36 (full 0):
 garbage-first heap   total 122880K, used 66385K [0x0000000083400000, 0x0000000100000000)
  region size 1024K, 2 young (2048K), 2 survivors (2048K)
 Metaspace       used 69063K, committed 69696K, reserved 1114112K
  class space    used 9894K, committed 10176K, reserved 1048576K
}
Event: 11.930 GC heap before
{Heap before GC invocations=37 (full 0):
 garbage-first heap   total 122880K, used 90961K [0x0000000083400000, 0x0000000100000000)
  region size 1024K, 25 young (25600K), 2 survivors (2048K)
 Metaspace       used 69063K, committed 69696K, reserved 1114112K
  class space    used 9894K, committed 10176K, reserved 1048576K
}
Event: 11.943 GC heap after
{Heap after GC invocations=38 (full 0):
 garbage-first heap   total 122880K, used 77771K [0x0000000083400000, 0x0000000100000000)
  region size 1024K, 4 young (4096K), 4 survivors (4096K)
 Metaspace       used 69063K, committed 69696K, reserved 1114112K
  class space    used 9894K, committed 10176K, reserved 1048576K
}
Event: 11.973 GC heap before
{Heap before GC invocations=38 (full 0):
 garbage-first heap   total 122880K, used 79819K [0x0000000083400000, 0x0000000100000000)
  region size 1024K, 6 young (6144K), 4 survivors (4096K)
 Metaspace       used 69063K, committed 69696K, reserved 1114112K
  class space    used 9894K, committed 10176K, reserved 1048576K
}
Event: 11.983 GC heap after
{Heap after GC invocations=39 (full 0):
 garbage-first heap   total 122880K, used 79212K [0x0000000083400000, 0x0000000100000000)
  region size 1024K, 1 young (1024K), 1 survivors (1024K)
 Metaspace       used 69063K, committed 69696K, reserved 1114112K
  class space    used 9894K, committed 10176K, reserved 1048576K
}
Event: 12.195 GC heap before
{Heap before GC invocations=39 (full 0):
 garbage-first heap   total 122880K, used 94572K [0x0000000083400000, 0x0000000100000000)
  region size 1024K, 16 young (16384K), 1 survivors (1024K)
 Metaspace       used 69063K, committed 69696K, reserved 1114112K
  class space    used 9894K, committed 10176K, reserved 1048576K
}

