# JRE version: Java(TM) SE Runtime Environment (17.0.6+9) (build 17.0.6+9-LTS-190)
# Java VM: Java HotSpot(TM) 64-Bit Server VM (17.0.6+9-LTS-190, mixed mode, sharing, tiered, compressed oops, compressed class ptrs, g1 gc, windows-amd64)
GC Precious Log:
 CPUs: 8 total, 8 available
 Memory: 7981M
 Large Page Support: Disabled
 NUMA Support: Disabled
 Compressed Oops: Enabled (32-bit)
 Heap Region Size: 1M
 Heap Min Capacity: 8M
 Heap Initial Capacity: 126M
 Heap Max Capacity: 1996M
 Pre-touch: Disabled
 Parallel Workers: 8
 Concurrent Workers: 2
 Concurrent Refinement Workers: 8
 Periodic GC: Disabled
Heap:
 garbage-first heap   total 160768K, used 125946K [0x0000000083400000, 0x0000000100000000)
  region size 1024K, 80 young (81920K), 6 survivors (6144K)
 Metaspace       used 35770K, committed 36224K, reserved 1081344K
  class space    used 4094K, committed 4288K, reserved 1048576K
GC Heap History (20 events):
Event: 14.035 GC heap before
{Heap before GC invocations=3 (full 0):
 garbage-first heap   total 129024K, used 79580K [0x0000000083400000, 0x0000000100000000)
  region size 1024K, 75 young (76800K), 10 survivors (10240K)
 Metaspace       used 19004K, committed 19264K, reserved 1073152K
  class space    used 2187K, committed 2304K, reserved 1048576K
}
Event: 14.056 GC heap after
{Heap after GC invocations=4 (full 0):
 garbage-first heap   total 129024K, used 16062K [0x0000000083400000, 0x0000000100000000)
  region size 1024K, 4 young (4096K), 4 survivors (4096K)
 Metaspace       used 19004K, committed 19264K, reserved 1073152K
  class space    used 2187K, committed 2304K, reserved 1048576K
}
Event: 14.622 GC heap before
{Heap before GC invocations=4 (full 0):
 garbage-first heap   total 129024K, used 33470K [0x0000000083400000, 0x0000000100000000)
  region size 1024K, 18 young (18432K), 4 survivors (4096K)
 Metaspace       used 21271K, committed 21504K, reserved 1073152K
  class space    used 2501K, committed 2624K, reserved 1048576K
}
Event: 14.633 GC heap after
{Heap after GC invocations=5 (full 0):
 garbage-first heap   total 129024K, used 23124K [0x0000000083400000, 0x0000000100000000)
  region size 1024K, 7 young (7168K), 7 survivors (7168K)
 Metaspace       used 21271K, committed 21504K, reserved 1073152K
  class space    used 2501K, committed 2624K, reserved 1048576K
}
Event: 16.659 GC heap before
{Heap before GC invocations=6 (full 0):
 garbage-first heap   total 81920K, used 65108K [0x0000000083400000, 0x0000000100000000)
  region size 1024K, 48 young (49152K), 7 survivors (7168K)
 Metaspace       used 26729K, committed 27072K, reserved 1073152K
  class space    used 3084K, committed 3264K, reserved 1048576K
}
Event: 16.711 GC heap after
{Heap after GC invocations=7 (full 0):
 garbage-first heap   total 86016K, used 34325K [0x0000000083400000, 0x0000000100000000)
  region size 1024K, 6 young (6144K), 6 survivors (6144K)
 Metaspace       used 26729K, committed 27072K, reserved 1073152K
  class space    used 3084K, committed 3264K, reserved 1048576K
}
Event: 16.733 GC heap before
{Heap before GC invocations=7 (full 0):
 garbage-first heap   total 86016K, used 35349K [0x0000000083400000, 0x0000000100000000)
  region size 1024K, 7 young (7168K), 6 survivors (6144K)
 Metaspace       used 26744K, committed 27072K, reserved 1073152K
  class space    used 3084K, committed 3264K, reserved 1048576K
}
Event: 16.751 GC heap after
{Heap after GC invocations=8 (full 0):
 garbage-first heap   total 86016K, used 35840K [0x0000000083400000, 0x0000000100000000)
  region size 1024K, 1 young (1024K), 1 survivors (1024K)
 Metaspace       used 26744K, committed 27072K, reserved 1073152K
  class space    used 3084K, committed 3264K, reserved 1048576K
}
Event: 17.346 GC heap before
{Heap before GC invocations=8 (full 0):
 garbage-first heap   total 86016K, used 60416K [0x0000000083400000, 0x0000000100000000)
  region size 1024K, 26 young (26624K), 1 survivors (1024K)
 Metaspace       used 27065K, committed 27392K, reserved 1073152K
  class space    used 3089K, committed 3264K, reserved 1048576K
}
Event: 17.366 GC heap after
{Heap after GC invocations=9 (full 0):
 garbage-first heap   total 86016K, used 39424K [0x0000000083400000, 0x0000000100000000)
  region size 1024K, 4 young (4096K), 4 survivors (4096K)
 Metaspace       used 27065K, committed 27392K, reserved 1073152K
  class space    used 3089K, committed 3264K, reserved 1048576K
}
Event: 18.476 GC heap before
{Heap before GC invocations=9 (full 0):
 garbage-first heap   total 86016K, used 61952K [0x0000000083400000, 0x0000000100000000)
  region size 1024K, 27 young (27648K), 4 survivors (4096K)
 Metaspace       used 28275K, committed 28608K, reserved 1081344K
  class space    used 3211K, committed 3392K, reserved 1048576K
}
Event: 18.496 GC heap after
{Heap after GC invocations=10 (full 0):
 garbage-first heap   total 86016K, used 41739K [0x0000000083400000, 0x0000000100000000)
  region size 1024K, 2 young (2048K), 2 survivors (2048K)
 Metaspace       used 28275K, committed 28608K, reserved 1081344K
  class space    used 3211K, committed 3392K, reserved 1048576K
}
Event: 19.432 GC heap before
{Heap before GC invocations=10 (full 0):
 garbage-first heap   total 86016K, used 64267K [0x0000000083400000, 0x0000000100000000)
  region size 1024K, 25 young (25600K), 2 survivors (2048K)
 Metaspace       used 29337K, committed 29632K, reserved 1081344K
  class space    used 3322K, committed 3456K, reserved 1048576K
}
Event: 19.446 GC heap after
{Heap after GC invocations=11 (full 0):
 garbage-first heap   total 177152K, used 42319K [0x0000000083400000, 0x0000000100000000)
  region size 1024K, 3 young (3072K), 3 survivors (3072K)
 Metaspace       used 29337K, committed 29632K, reserved 1081344K
  class space    used 3322K, committed 3456K, reserved 1048576K
}
Event: 21.222 GC heap before
{Heap before GC invocations=12 (full 0):
 garbage-first heap   total 160768K, used 128335K [0x0000000083400000, 0x0000000100000000)
  region size 1024K, 87 young (89088K), 3 survivors (3072K)
 Metaspace       used 30115K, committed 30464K, reserved 1081344K
  class space    used 3398K, committed 3584K, reserved 1048576K
}
Event: 21.238 GC heap after
{Heap after GC invocations=13 (full 0):
 garbage-first heap   total 160768K, used 45446K [0x0000000083400000, 0x0000000100000000)
  region size 1024K, 6 young (6144K), 6 survivors (6144K)
 Metaspace       used 30115K, committed 30464K, reserved 1081344K
  class space    used 3398K, committed 3584K, reserved 1048576K
}
Event: 24.910 GC heap before
{Heap before GC invocations=13 (full 0):
 garbage-first heap   total 160768K, used 122246K [0x0000000083400000, 0x0000000100000000)
  region size 1024K, 81 young (82944K), 6 survivors (6144K)
 Metaspace       used 35554K, committed 36032K, reserved 1081344K
  class space    used 4093K, committed 4288K, reserved 1048576K
}
Event: 24.937 GC heap after
{Heap after GC invocations=14 (full 0):
 garbage-first heap   total 160768K, used 50823K [0x0000000083400000, 0x0000000100000000)
  region size 1024K, 11 young (11264K), 11 survivors (11264K)
 Metaspace       used 35554K, committed 36032K, reserved 1081344K
  class space    used 4093K, committed 4288K, reserved 1048576K
}
Event: 26.884 GC heap before
{Heap before GC invocations=14 (full 0):
 garbage-first heap   total 160768K, used 123527K [0x0000000083400000, 0x0000000100000000)
  region size 1024K, 82 young (83968K), 11 survivors (11264K)
 Metaspace       used 35691K, committed 36160K, reserved 1081344K
  class space    used 4094K, committed 4288K, reserved 1048576K
}
Event: 26.911 GC heap after
{Heap after GC invocations=15 (full 0):
 garbage-first heap   total 160768K, used 51194K [0x0000000083400000, 0x0000000100000000)
  region size 1024K, 6 young (6144K), 6 survivors (6144K)
 Metaspace       used 35691K, committed 36160K, reserved 1081344K
  class space    used 4094K, committed 4288K, reserved 1048576K
}

