# JRE version: Java(TM) SE Runtime Environment (17.0.6+9) (build 17.0.6+9-LTS-190)
# Java VM: Java HotSpot(TM) 64-Bit Server VM (17.0.6+9-LTS-190, mixed mode, emulated-client, sharing, tiered, compressed oops, compressed class ptrs, g1 gc, windows-amd64)
GC Precious Log:
 CPUs: 8 total, 8 available
 Memory: 7981M
 Large Page Support: Disabled
 NUMA Support: Disabled
 Compressed Oops: Enabled (32-bit)
 Heap Region Size: 1M
 Heap Min Capacity: 8M
 Heap Initial Capacity: 126M
 Heap Max Capacity: 1996M
 Pre-touch: Disabled
 Parallel Workers: 8
 Concurrent Workers: 2
 Concurrent Refinement Workers: 8
 Periodic GC: Disabled
Heap:
 garbage-first heap   total 106496K, used 81479K [0x0000000083400000, 0x0000000100000000)
  region size 1024K, 12 young (12288K), 2 survivors (2048K)
 Metaspace       used 68569K, committed 69184K, reserved 1114112K
  class space    used 9830K, committed 10112K, reserved 1048576K
GC Heap History (20 events):
Event: 14.081 GC heap before
{Heap before GC invocations=31 (full 0):
 garbage-first heap   total 61440K, used 48863K [0x0000000083400000, 0x0000000100000000)
  region size 1024K, 18 young (18432K), 3 survivors (3072K)
 Metaspace       used 66691K, committed 67328K, reserved 1114112K
  class space    used 9574K, committed 9856K, reserved 1048576K
}
Event: 14.084 GC heap after
{Heap after GC invocations=32 (full 0):
 garbage-first heap   total 61440K, used 34585K [0x0000000083400000, 0x0000000100000000)
  region size 1024K, 1 young (1024K), 1 survivors (1024K)
 Metaspace       used 66691K, committed 67328K, reserved 1114112K
  class space    used 9574K, committed 9856K, reserved 1048576K
}
Event: 14.408 GC heap before
{Heap before GC invocations=32 (full 0):
 garbage-first heap   total 61440K, used 47897K [0x0000000083400000, 0x0000000100000000)
  region size 1024K, 15 young (15360K), 1 survivors (1024K)
 Metaspace       used 67879K, committed 68480K, reserved 1114112K
  class space    used 9720K, committed 9984K, reserved 1048576K
}
Event: 14.410 GC heap after
{Heap after GC invocations=33 (full 0):
 garbage-first heap   total 61440K, used 34688K [0x0000000083400000, 0x0000000100000000)
  region size 1024K, 2 young (2048K), 2 survivors (2048K)
 Metaspace       used 67879K, committed 68480K, reserved 1114112K
  class space    used 9720K, committed 9984K, reserved 1048576K
}
Event: 14.759 GC heap before
{Heap before GC invocations=34 (full 0):
 garbage-first heap   total 63488K, used 49024K [0x0000000083400000, 0x0000000100000000)
  region size 1024K, 16 young (16384K), 2 survivors (2048K)
 Metaspace       used 68565K, committed 69184K, reserved 1114112K
  class space    used 9829K, committed 10112K, reserved 1048576K
}
Event: 14.763 GC heap after
{Heap after GC invocations=35 (full 0):
 garbage-first heap   total 63488K, used 36743K [0x0000000083400000, 0x0000000100000000)
  region size 1024K, 2 young (2048K), 2 survivors (2048K)
 Metaspace       used 68565K, committed 69184K, reserved 1114112K
  class space    used 9829K, committed 10112K, reserved 1048576K
}
Event: 14.840 GC heap before
{Heap before GC invocations=35 (full 0):
 garbage-first heap   total 63488K, used 51079K [0x0000000083400000, 0x0000000100000000)
  region size 1024K, 16 young (16384K), 2 survivors (2048K)
 Metaspace       used 68565K, committed 69184K, reserved 1114112K
  class space    used 9829K, committed 10112K, reserved 1048576K
}
Event: 14.846 GC heap after
{Heap after GC invocations=36 (full 0):
 garbage-first heap   total 63488K, used 42031K [0x0000000083400000, 0x0000000100000000)
  region size 1024K, 2 young (2048K), 2 survivors (2048K)
 Metaspace       used 68565K, committed 69184K, reserved 1114112K
  class space    used 9829K, committed 10112K, reserved 1048576K
}
Event: 14.894 GC heap before
{Heap before GC invocations=36 (full 0):
 garbage-first heap   total 63488K, used 48175K [0x0000000083400000, 0x0000000100000000)
  region size 1024K, 9 young (9216K), 2 survivors (2048K)
 Metaspace       used 68565K, committed 69184K, reserved 1114112K
  class space    used 9829K, committed 10112K, reserved 1048576K
}
Event: 14.899 GC heap after
{Heap after GC invocations=37 (full 0):
 garbage-first heap   total 96256K, used 45616K [0x0000000083400000, 0x0000000100000000)
  region size 1024K, 2 young (2048K), 2 survivors (2048K)
 Metaspace       used 68565K, committed 69184K, reserved 1114112K
  class space    used 9829K, committed 10112K, reserved 1048576K
}
Event: 15.064 GC heap before
{Heap before GC invocations=38 (full 0):
 garbage-first heap   total 96256K, used 69168K [0x0000000083400000, 0x0000000100000000)
  region size 1024K, 25 young (25600K), 2 survivors (2048K)
 Metaspace       used 68569K, committed 69184K, reserved 1114112K
  class space    used 9830K, committed 10112K, reserved 1048576K
}
Event: 15.076 GC heap after
{Heap after GC invocations=39 (full 0):
 garbage-first heap   total 96256K, used 53029K [0x0000000083400000, 0x0000000100000000)
  region size 1024K, 4 young (4096K), 4 survivors (4096K)
 Metaspace       used 68569K, committed 69184K, reserved 1114112K
  class space    used 9830K, committed 10112K, reserved 1048576K
}
Event: 15.205 GC heap before
{Heap before GC invocations=39 (full 0):
 garbage-first heap   total 96256K, used 71461K [0x0000000083400000, 0x0000000100000000)
  region size 1024K, 22 young (22528K), 4 survivors (4096K)
 Metaspace       used 68569K, committed 69184K, reserved 1114112K
  class space    used 9830K, committed 10112K, reserved 1048576K
}
Event: 15.218 GC heap after
{Heap after GC invocations=40 (full 0):
 garbage-first heap   total 96256K, used 60869K [0x0000000083400000, 0x0000000100000000)
  region size 1024K, 3 young (3072K), 3 survivors (3072K)
 Metaspace       used 68569K, committed 69184K, reserved 1114112K
  class space    used 9830K, committed 10112K, reserved 1048576K
}
Event: 15.458 GC heap before
{Heap before GC invocations=41 (full 0):
 garbage-first heap   total 106496K, used 73157K [0x0000000083400000, 0x0000000100000000)
  region size 1024K, 15 young (15360K), 3 survivors (3072K)
 Metaspace       used 68569K, committed 69184K, reserved 1114112K
  class space    used 9830K, committed 10112K, reserved 1048576K
}
Event: 15.468 GC heap after
{Heap after GC invocations=42 (full 0):
 garbage-first heap   total 106496K, used 66400K [0x0000000083400000, 0x0000000100000000)
  region size 1024K, 2 young (2048K), 2 survivors (2048K)
 Metaspace       used 68569K, committed 69184K, reserved 1114112K
  class space    used 9830K, committed 10112K, reserved 1048576K
}
Event: 15.492 GC heap before
{Heap before GC invocations=42 (full 0):
 garbage-first heap   total 106496K, used 69472K [0x0000000083400000, 0x0000000100000000)
  region size 1024K, 5 young (5120K), 2 survivors (2048K)
 Metaspace       used 68569K, committed 69184K, reserved 1114112K
  class space    used 9830K, committed 10112K, reserved 1048576K
}
Event: 15.499 GC heap after
{Heap after GC invocations=43 (full 0):
 garbage-first heap   total 106496K, used 67579K [0x0000000083400000, 0x0000000100000000)
  region size 1024K, 1 young (1024K), 1 survivors (1024K)
 Metaspace       used 68569K, committed 69184K, reserved 1114112K
  class space    used 9830K, committed 10112K, reserved 1048576K
}
Event: 15.593 GC heap before
{Heap before GC invocations=43 (full 0):
 garbage-first heap   total 106496K, used 80891K [0x0000000083400000, 0x0000000100000000)
  region size 1024K, 14 young (14336K), 1 survivors (1024K)
 Metaspace       used 68569K, committed 69184K, reserved 1114112K
  class space    used 9830K, committed 10112K, reserved 1048576K
}
Event: 15.602 GC heap after
{Heap after GC invocations=44 (full 0):
 garbage-first heap   total 106496K, used 73287K [0x0000000083400000, 0x0000000100000000)
  region size 1024K, 2 young (2048K), 2 survivors (2048K)
 Metaspace       used 68569K, committed 69184K, reserved 1114112K
  class space    used 9830K, committed 10112K, reserved 1048576K
}

